This file contains any messages produced by compilers while
running configure, to aid debugging if configure makes a mistake.

It was created by rfctools configure 1.0, which was
generated by GNU Autoconf 2.71.  Invocation command line was

  $ ./configure

## --------- ##
## Platform. ##
## --------- ##

hostname = runnervmmtnos
uname -m = x86_64
uname -r = 6.11.0-1018-azure
uname -s = Linux
uname -v = #18~24.04.1-Ubuntu SMP Sat Jun 28 04:46:03 UTC 2025

/usr/bin/uname -p = x86_64
/bin/uname -X     = unknown

/bin/arch              = x86_64
/usr/bin/arch -k       = unknown
/usr/convex/getsysinfo = unknown
/usr/bin/hostinfo      = unknown
/bin/machine           = unknown
/usr/bin/oslevel       = unknown
/bin/universe          = unknown

PATH: /snap/bin/
PATH: /home/runner/.local/bin/
PATH: /opt/pipx_bin/
PATH: /home/runner/.cargo/bin/
PATH: /home/runner/.config/composer/vendor/bin/
PATH: /usr/local/.ghcup/bin/
PATH: /home/runner/.dotnet/tools/
PATH: /usr/local/sbin/
PATH: /usr/local/bin/
PATH: /usr/sbin/
PATH: /usr/bin/
PATH: /sbin/
PATH: /bin/
PATH: /usr/games/
PATH: /usr/local/games/
PATH: /snap/bin/


## ----------- ##
## Core tests. ##
## ----------- ##

configure:2779: looking for aux files: compile config.guess config.sub ltmain.sh missing install-sh
configure:2792:  trying ./
configure:2821:   ./compile found
configure:2821:   ./config.guess found
configure:2821:   ./config.sub found
configure:2821:   ./ltmain.sh found
configure:2821:   ./missing found
configure:2803:   ./install-sh found
configure:2956: checking for a BSD-compatible install
configure:3029: result: /usr/bin/install -c
configure:3040: checking whether build environment is sane
configure:3095: result: yes
configure:3254: checking for a race-free mkdir -p
configure:3298: result: /usr/bin/mkdir -p
configure:3305: checking for gawk
configure:3326: found /usr/bin/gawk
configure:3337: result: gawk
configure:3348: checking whether make sets $(MAKE)
configure:3371: result: yes
configure:3401: checking whether make supports nested variables
configure:3419: result: yes
configure:3587: checking build system type
configure:3602: result: x86_64-pc-linux-gnu
configure:3622: checking host system type
configure:3636: result: x86_64-pc-linux-gnu
configure:3677: checking how to print strings
configure:3704: result: printf
configure:3738: checking whether make supports the include directive
configure:3753: make -f confmf.GNU && cat confinc.out
this is the am__doit target
configure:3756: $? = 0
configure:3775: result: yes (GNU style)
configure:3851: checking for gcc
configure:3872: found /usr/bin/gcc
configure:3883: result: gcc
configure:4236: checking for C compiler version
configure:4245: gcc --version >&5
gcc (Ubuntu 13.3.0-6ubuntu2~24.04) 13.3.0
Copyright (C) 2023 Free Software Foundation, Inc.
This is free software; see the source for copying conditions.  There is NO
warranty; not even for MERCHANTABILITY or FITNESS FOR A PARTICULAR PURPOSE.

configure:4256: $? = 0
configure:4245: gcc -v >&5
Using built-in specs.
COLLECT_GCC=gcc
COLLECT_LTO_WRAPPER=/usr/libexec/gcc/x86_64-linux-gnu/13/lto-wrapper
OFFLOAD_TARGET_NAMES=nvptx-none:amdgcn-amdhsa
OFFLOAD_TARGET_DEFAULT=1
Target: x86_64-linux-gnu
Configured with: ../src/configure -v --with-pkgversion='Ubuntu 13.3.0-6ubuntu2~24.04' --with-bugurl=file:///usr/share/doc/gcc-13/README.Bugs --enable-languages=c,ada,c++,go,d,fortran,objc,obj-c++,m2 --prefix=/usr --with-gcc-major-version-only --program-suffix=-13 --program-prefix=x86_64-linux-gnu- --enable-shared --enable-linker-build-id --libexecdir=/usr/libexec --without-included-gettext --enable-threads=posix --libdir=/usr/lib --enable-nls --enable-bootstrap --enable-clocale=gnu --enable-libstdcxx-debug --enable-libstdcxx-time=yes --with-default-libstdcxx-abi=new --enable-libstdcxx-backtrace --enable-gnu-unique-object --disable-vtable-verify --enable-plugin --enable-default-pie --with-system-zlib --enable-libphobos-checking=release --with-target-system-zlib=auto --enable-objc-gc=auto --enable-multiarch --disable-werror --enable-cet --with-arch-32=i686 --with-abi=m64 --with-multilib-list=m32,m64,mx32 --enable-multilib --with-tune=generic --enable-offload-targets=nvptx-none=/build/gcc-13-fG75Ri/gcc-13-13.3.0/debian/tmp-nvptx/usr,amdgcn-amdhsa=/build/gcc-13-fG75Ri/gcc-13-13.3.0/debian/tmp-gcn/usr --enable-offload-defaulted --without-cuda-driver --enable-checking=release --build=x86_64-linux-gnu --host=x86_64-linux-gnu --target=x86_64-linux-gnu --with-build-config=bootstrap-lto-lean --enable-link-serialization=2
Thread model: posix
Supported LTO compression algorithms: zlib zstd
gcc version 13.3.0 (Ubuntu 13.3.0-6ubuntu2~24.04) 
... rest of stderr output deleted ...
configure:4256: $? = 0
configure:4245: gcc -V >&5
gcc: error: unrecognized command-line option '-V'
gcc: fatal error: no input files
compilation terminated.
configure:4256: $? = 1
configure:4245: gcc -qversion >&5
gcc: error: unrecognized command-line option '-qversion'; did you mean '--version'?
gcc: fatal error: no input files
compilation terminated.
configure:4256: $? = 1
configure:4245: gcc -version >&5
gcc: error: unrecognized command-line option '-version'
gcc: fatal error: no input files
compilation terminated.
configure:4256: $? = 1
configure:4276: checking whether the C compiler works
configure:4298: gcc    conftest.c  >&5
configure:4302: $? = 0
configure:4352: result: yes
configure:4355: checking for C compiler default output file name
configure:4357: result: a.out
configure:4363: checking for suffix of executables
configure:4370: gcc -o conftest    conftest.c  >&5
configure:4374: $? = 0
configure:4397: result: 
configure:4419: checking whether we are cross compiling
configure:4427: gcc -o conftest    conftest.c  >&5
configure:4431: $? = 0
configure:4438: ./conftest
configure:4442: $? = 0
configure:4457: result: no
configure:4462: checking for suffix of object files
configure:4485: gcc -c   conftest.c >&5
configure:4489: $? = 0
configure:4511: result: o
configure:4515: checking whether the compiler supports GNU C
configure:4535: gcc -c   conftest.c >&5
configure:4535: $? = 0
configure:4545: result: yes
configure:4556: checking whether gcc accepts -g
configure:4577: gcc -c -g  conftest.c >&5
configure:4577: $? = 0
configure:4621: result: yes
configure:4641: checking for gcc option to enable C11 features
configure:4656: gcc  -c -g -O2  conftest.c >&5
configure:4656: $? = 0
configure:4674: result: none needed
configure:4790: checking whether gcc understands -c and -o together
configure:4813: gcc -c conftest.c -o conftest2.o
configure:4816: $? = 0
configure:4813: gcc -c conftest.c -o conftest2.o
configure:4816: $? = 0
configure:4828: result: yes
configure:4847: checking dependency style of gcc
configure:4959: result: gcc3
configure:4974: checking for a sed that does not truncate output
configure:5044: result: /usr/bin/sed
configure:5062: checking for grep that handles long lines and -e
configure:5126: result: /usr/bin/grep
configure:5131: checking for egrep
configure:5199: result: /usr/bin/grep -E
configure:5204: checking for fgrep
configure:5272: result: /usr/bin/grep -F
configure:5308: checking for ld used by gcc
configure:5376: result: /usr/bin/ld
configure:5383: checking if the linker (/usr/bin/ld) is GNU ld
configure:5399: result: yes
configure:5411: checking for BSD- or MS-compatible name lister (nm)
configure:5466: result: /usr/bin/nm -B
configure:5606: checking the name lister (/usr/bin/nm -B) interface
configure:5614: gcc -c -g -O2  conftest.c >&5
configure:5617: /usr/bin/nm -B "conftest.o"
configure:5620: output
0000000000000000 B some_variable
configure:5627: result: BSD nm
configure:5630: checking whether ln -s works
configure:5634: result: yes
configure:5642: checking the maximum length of command line arguments
configure:5774: result: 3145728
configure:5822: checking how to convert x86_64-pc-linux-gnu file names to x86_64-pc-linux-gnu format
configure:5863: result: func_convert_file_noop
configure:5870: checking how to convert x86_64-pc-linux-gnu file names to toolchain format
configure:5891: result: func_convert_file_noop
configure:5898: checking for /usr/bin/ld option to reload object files
configure:5906: result: -r
configure:5985: checking for file
configure:6006: found /usr/bin/file
configure:6017: result: file
configure:6093: checking for objdump
configure:6114: found /usr/bin/objdump
configure:6125: result: objdump
configure:6157: checking how to recognize dependent libraries
configure:6358: result: pass_all
configure:6448: checking for dlltool
configure:6483: result: no
configure:6513: checking how to associate runtime and link libraries
configure:6541: result: printf %s\n
configure:6607: checking for ar
configure:6628: found /usr/bin/ar
configure:6639: result: ar
configure:6692: checking for archiver @FILE support
configure:6710: gcc -c -g -O2  conftest.c >&5
configure:6710: $? = 0
configure:6714: ar cr libconftest.a @conftest.lst >&5
configure:6717: $? = 0
configure:6722: ar cr libconftest.a @conftest.lst >&5
ar: conftest.o: No such file or directory
configure:6725: $? = 1
configure:6737: result: @
configure:6800: checking for strip
configure:6821: found /usr/bin/strip
configure:6832: result: strip
configure:6909: checking for ranlib
configure:6930: found /usr/bin/ranlib
configure:6941: result: ranlib
configure:7043: checking command to parse /usr/bin/nm -B output from gcc object
configure:7197: gcc -c -g -O2  conftest.c >&5
configure:7200: $? = 0
configure:7204: /usr/bin/nm -B conftest.o | /usr/bin/sed -n -e 's/^.*[	 ]\([ABCDGIRSTW][ABCDGIRSTW]*\)[	 ][	 ]*\([_A-Za-z][_A-Za-z0-9]*\)$/\1 \2 \2/p' | /usr/bin/sed '/ __gnu_lto/d' > conftest.nm
configure:7270: gcc -o conftest -g -O2   conftest.c conftstm.o >&5
configure:7273: $? = 0
configure:7311: result: ok
configure:7358: checking for sysroot
configure:7389: result: no
configure:7396: checking for a working dd
configure:7440: result: /usr/bin/dd
configure:7444: checking how to truncate binary pipes
configure:7460: result: /usr/bin/dd bs=4096 count=1
configure:7597: gcc -c -g -O2  conftest.c >&5
configure:7600: $? = 0
configure:7797: checking for mt
configure:7818: found /usr/bin/mt
configure:7829: result: mt
configure:7852: checking if mt is a manifest tool
configure:7859: mt '-?'
configure:7867: result: no
configure:8592: checking for stdio.h
configure:8592: gcc -c -g -O2  conftest.c >&5
configure:8592: $? = 0
configure:8592: result: yes
configure:8592: checking for stdlib.h
configure:8592: gcc -c -g -O2  conftest.c >&5
configure:8592: $? = 0
configure:8592: result: yes
configure:8592: checking for string.h
configure:8592: gcc -c -g -O2  conftest.c >&5
configure:8592: $? = 0
configure:8592: result: yes
configure:8592: checking for inttypes.h
configure:8592: gcc -c -g -O2  conftest.c >&5
configure:8592: $? = 0
configure:8592: result: yes
configure:8592: checking for stdint.h
configure:8592: gcc -c -g -O2  conftest.c >&5
configure:8592: $? = 0
configure:8592: result: yes
configure:8592: checking for strings.h
configure:8592: gcc -c -g -O2  conftest.c >&5
configure:8592: $? = 0
configure:8592: result: yes
configure:8592: checking for sys/stat.h
configure:8592: gcc -c -g -O2  conftest.c >&5
configure:8592: $? = 0
configure:8592: result: yes
configure:8592: checking for sys/types.h
configure:8592: gcc -c -g -O2  conftest.c >&5
configure:8592: $? = 0
configure:8592: result: yes
configure:8592: checking for unistd.h
configure:8592: gcc -c -g -O2  conftest.c >&5
configure:8592: $? = 0
configure:8592: result: yes
configure:8617: checking for dlfcn.h
configure:8617: gcc -c -g -O2  conftest.c >&5
configure:8617: $? = 0
configure:8617: result: yes
configure:8876: checking for objdir
configure:8892: result: .libs
configure:9152: checking if gcc supports -fno-rtti -fno-exceptions
configure:9171: gcc -c -g -O2  -fno-rtti -fno-exceptions conftest.c >&5
cc1: warning: command-line option '-fno-rtti' is valid for C++/D/ObjC++ but not for C
configure:9175: $? = 0
configure:9188: result: no
configure:9552: checking for gcc option to produce PIC
configure:9560: result: -fPIC -DPIC
configure:9568: checking if gcc PIC flag -fPIC -DPIC works
configure:9587: gcc -c -g -O2  -fPIC -DPIC -DPIC conftest.c >&5
configure:9591: $? = 0
configure:9604: result: yes
configure:9633: checking if gcc static flag -static works
configure:9662: result: yes
configure:9677: checking if gcc supports -c -o file.o
configure:9699: gcc -c -g -O2  -o out/conftest2.o conftest.c >&5
configure:9703: $? = 0
configure:9725: result: yes
configure:9733: checking if gcc supports -c -o file.o
configure:9781: result: yes
configure:9814: checking whether the gcc linker (/usr/bin/ld -m elf_x86_64) supports shared libraries
configure:11088: result: yes
configure:11125: checking whether -lc should be explicitly linked in
configure:11134: gcc -c -g -O2  conftest.c >&5
configure:11137: $? = 0
configure:11152: gcc -shared  -fPIC -DPIC conftest.o  -v -Wl,-soname -Wl,conftest -o conftest 2\>\&1 \| /usr/bin/grep  -lc  \>/dev/null 2\>\&1
configure:11155: $? = 0
configure:11169: result: no
configure:11329: checking dynamic linker characteristics
configure:11911: gcc -o conftest -g -O2   -Wl,-rpath -Wl,/foo conftest.c  >&5
configure:11911: $? = 0
configure:12162: result: GNU/Linux ld.so
configure:12284: checking how to hardcode library paths into programs
configure:12309: result: immediate
configure:12861: checking whether stripping libraries is possible
configure:12870: result: yes
configure:12912: checking if libtool supports shared libraries
configure:12914: result: yes
configure:12917: checking whether to build shared libraries
configure:12942: result: yes
configure:12945: checking whether to build static libraries
configure:12949: result: yes
configure:13055: checking for g++
configure:13076: found /usr/bin/g++
configure:13087: result: g++
configure:13114: checking for C++ compiler version
configure:13123: g++ --version >&5
g++ (Ubuntu 13.3.0-6ubuntu2~24.04) 13.3.0
Copyright (C) 2023 Free Software Foundation, Inc.
This is free software; see the source for copying conditions.  There is NO
warranty; not even for MERCHANTABILITY or FITNESS FOR A PARTICULAR PURPOSE.

configure:13134: $? = 0
configure:13123: g++ -v >&5
Using built-in specs.
COLLECT_GCC=g++
COLLECT_LTO_WRAPPER=/usr/libexec/gcc/x86_64-linux-gnu/13/lto-wrapper
OFFLOAD_TARGET_NAMES=nvptx-none:amdgcn-amdhsa
OFFLOAD_TARGET_DEFAULT=1
Target: x86_64-linux-gnu
Configured with: ../src/configure -v --with-pkgversion='Ubuntu 13.3.0-6ubuntu2~24.04' --with-bugurl=file:///usr/share/doc/gcc-13/README.Bugs --enable-languages=c,ada,c++,go,d,fortran,objc,obj-c++,m2 --prefix=/usr --with-gcc-major-version-only --program-suffix=-13 --program-prefix=x86_64-linux-gnu- --enable-shared --enable-linker-build-id --libexecdir=/usr/libexec --without-included-gettext --enable-threads=posix --libdir=/usr/lib --enable-nls --enable-bootstrap --enable-clocale=gnu --enable-libstdcxx-debug --enable-libstdcxx-time=yes --with-default-libstdcxx-abi=new --enable-libstdcxx-backtrace --enable-gnu-unique-object --disable-vtable-verify --enable-plugin --enable-default-pie --with-system-zlib --enable-libphobos-checking=release --with-target-system-zlib=auto --enable-objc-gc=auto --enable-multiarch --disable-werror --enable-cet --with-arch-32=i686 --with-abi=m64 --with-multilib-list=m32,m64,mx32 --enable-multilib --with-tune=generic --enable-offload-targets=nvptx-none=/build/gcc-13-fG75Ri/gcc-13-13.3.0/debian/tmp-nvptx/usr,amdgcn-amdhsa=/build/gcc-13-fG75Ri/gcc-13-13.3.0/debian/tmp-gcn/usr --enable-offload-defaulted --without-cuda-driver --enable-checking=release --build=x86_64-linux-gnu --host=x86_64-linux-gnu --target=x86_64-linux-gnu --with-build-config=bootstrap-lto-lean --enable-link-serialization=2
Thread model: posix
Supported LTO compression algorithms: zlib zstd
gcc version 13.3.0 (Ubuntu 13.3.0-6ubuntu2~24.04) 
... rest of stderr output deleted ...
configure:13134: $? = 0
configure:13123: g++ -V >&5
g++: error: unrecognized command-line option '-V'
g++: fatal error: no input files
compilation terminated.
configure:13134: $? = 1
configure:13123: g++ -qversion >&5
g++: error: unrecognized command-line option '-qversion'; did you mean '--version'?
g++: fatal error: no input files
compilation terminated.
configure:13134: $? = 1
configure:13138: checking whether the compiler supports GNU C++
configure:13158: g++ -c   conftest.cpp >&5
configure:13158: $? = 0
configure:13168: result: yes
configure:13179: checking whether g++ accepts -g
configure:13200: g++ -c -g  conftest.cpp >&5
configure:13200: $? = 0
configure:13244: result: yes
configure:13264: checking for g++ option to enable C++11 features
configure:13279: g++  -c -g -O2  conftest.cpp >&5
conftest.cpp: In function 'int main(int, char**)':
conftest.cpp:189:25: warning: empty parentheses were disambiguated as a function declaration [-Wvexing-parse]
  189 |   cxx11test::delegate d2();
      |                         ^~
conftest.cpp:189:25: note: remove parentheses to default-initialize a variable
  189 |   cxx11test::delegate d2();
      |                         ^~
      |                         --
conftest.cpp:189:25: note: or replace parentheses with braces to value-initialize a variable
configure:13279: $? = 0
configure:13297: result: none needed
configure:13363: checking dependency style of g++
configure:13475: result: gcc3
configure:13509: checking how to run the C++ preprocessor
configure:13531: g++ -E  conftest.cpp
configure:13531: $? = 0
configure:13546: g++ -E  conftest.cpp
conftest.cpp:23:10: fatal error: ac_nonexistent.h: No such file or directory
   23 | #include <ac_nonexistent.h>
      |          ^~~~~~~~~~~~~~~~~~
compilation terminated.
configure:13546: $? = 1
configure: failed program was:
| /* confdefs.h */
| #define PACKAGE_NAME "rfctools"
| #define PACKAGE_TARNAME "rfctools"
| #define PACKAGE_VERSION "1.0"
| #define PACKAGE_STRING "rfctools 1.0"
| #define PACKAGE_BUGREPORT "josekutty@tataelxsi.co.in"
| #define PACKAGE_URL ""
| #define PACKAGE "rfctools"
| #define VERSION "1.0"
| #define HAVE_STDIO_H 1
| #define HAVE_STDLIB_H 1
| #define HAVE_STRING_H 1
| #define HAVE_INTTYPES_H 1
| #define HAVE_STDINT_H 1
| #define HAVE_STRINGS_H 1
| #define HAVE_SYS_STAT_H 1
| #define HAVE_SYS_TYPES_H 1
| #define HAVE_UNISTD_H 1
| #define STDC_HEADERS 1
| #define HAVE_DLFCN_H 1
| #define LT_OBJDIR ".libs/"
| /* end confdefs.h.  */
| #include <ac_nonexistent.h>
configure:13573: result: g++ -E
configure:13587: g++ -E  conftest.cpp
configure:13587: $? = 0
configure:13602: g++ -E  conftest.cpp
conftest.cpp:23:10: fatal error: ac_nonexistent.h: No such file or directory
   23 | #include <ac_nonexistent.h>
      |          ^~~~~~~~~~~~~~~~~~
compilation terminated.
configure:13602: $? = 1
configure: failed program was:
| /* confdefs.h */
| #define PACKAGE_NAME "rfctools"
| #define PACKAGE_TARNAME "rfctools"
| #define PACKAGE_VERSION "1.0"
| #define PACKAGE_STRING "rfctools 1.0"
| #define PACKAGE_BUGREPORT "josekutty@tataelxsi.co.in"
| #define PACKAGE_URL ""
| #define PACKAGE "rfctools"
| #define VERSION "1.0"
| #define HAVE_STDIO_H 1
| #define HAVE_STDLIB_H 1
| #define HAVE_STRING_H 1
| #define HAVE_INTTYPES_H 1
| #define HAVE_STDINT_H 1
| #define HAVE_STRINGS_H 1
| #define HAVE_SYS_STAT_H 1
| #define HAVE_SYS_TYPES_H 1
| #define HAVE_UNISTD_H 1
| #define STDC_HEADERS 1
| #define HAVE_DLFCN_H 1
| #define LT_OBJDIR ".libs/"
| /* end confdefs.h.  */
| #include <ac_nonexistent.h>
configure:13767: checking for ld used by g++
configure:13835: result: /usr/bin/ld -m elf_x86_64
configure:13842: checking if the linker (/usr/bin/ld -m elf_x86_64) is GNU ld
configure:13858: result: yes
configure:13913: checking whether the g++ linker (/usr/bin/ld -m elf_x86_64) supports shared libraries
configure:14991: result: yes
configure:15027: g++ -c -g -O2  conftest.cpp >&5
configure:15030: $? = 0
configure:15511: checking for g++ option to produce PIC
configure:15519: result: -fPIC -DPIC
configure:15527: checking if g++ PIC flag -fPIC -DPIC works
configure:15546: g++ -c -g -O2  -fPIC -DPIC -DPIC conftest.cpp >&5
configure:15550: $? = 0
configure:15563: result: yes
configure:15586: checking if g++ static flag -static works
configure:15615: result: yes
configure:15627: checking if g++ supports -c -o file.o
configure:15649: g++ -c -g -O2  -o out/conftest2.o conftest.cpp >&5
configure:15653: $? = 0
configure:15675: result: yes
configure:15680: checking if g++ supports -c -o file.o
configure:15728: result: yes
configure:15758: checking whether the g++ linker (/usr/bin/ld -m elf_x86_64) supports shared libraries
configure:15801: result: yes
configure:15943: checking dynamic linker characteristics
configure:16703: result: GNU/Linux ld.so
configure:16768: checking how to hardcode library paths into programs
configure:16793: result: immediate
configure:16955: checking for C++ compiler version
configure:16964: g++ --version >&5
g++ (Ubuntu 13.3.0-6ubuntu2~24.04) 13.3.0
Copyright (C) 2023 Free Software Foundation, Inc.
This is free software; see the source for copying conditions.  There is NO
warranty; not even for MERCHANTABILITY or FITNESS FOR A PARTICULAR PURPOSE.

configure:16975: $? = 0
configure:16964: g++ -v >&5
Using built-in specs.
COLLECT_GCC=g++
COLLECT_LTO_WRAPPER=/usr/libexec/gcc/x86_64-linux-gnu/13/lto-wrapper
OFFLOAD_TARGET_NAMES=nvptx-none:amdgcn-amdhsa
OFFLOAD_TARGET_DEFAULT=1
Target: x86_64-linux-gnu
Configured with: ../src/configure -v --with-pkgversion='Ubuntu 13.3.0-6ubuntu2~24.04' --with-bugurl=file:///usr/share/doc/gcc-13/README.Bugs --enable-languages=c,ada,c++,go,d,fortran,objc,obj-c++,m2 --prefix=/usr --with-gcc-major-version-only --program-suffix=-13 --program-prefix=x86_64-linux-gnu- --enable-shared --enable-linker-build-id --libexecdir=/usr/libexec --without-included-gettext --enable-threads=posix --libdir=/usr/lib --enable-nls --enable-bootstrap --enable-clocale=gnu --enable-libstdcxx-debug --enable-libstdcxx-time=yes --with-default-libstdcxx-abi=new --enable-libstdcxx-backtrace --enable-gnu-unique-object --disable-vtable-verify --enable-plugin --enable-default-pie --with-system-zlib --enable-libphobos-checking=release --with-target-system-zlib=auto --enable-objc-gc=auto --enable-multiarch --disable-werror --enable-cet --with-arch-32=i686 --with-abi=m64 --with-multilib-list=m32,m64,mx32 --enable-multilib --with-tune=generic --enable-offload-targets=nvptx-none=/build/gcc-13-fG75Ri/gcc-13-13.3.0/debian/tmp-nvptx/usr,amdgcn-amdhsa=/build/gcc-13-fG75Ri/gcc-13-13.3.0/debian/tmp-gcn/usr --enable-offload-defaulted --without-cuda-driver --enable-checking=release --build=x86_64-linux-gnu --host=x86_64-linux-gnu --target=x86_64-linux-gnu --with-build-config=bootstrap-lto-lean --enable-link-serialization=2
Thread model: posix
Supported LTO compression algorithms: zlib zstd
gcc version 13.3.0 (Ubuntu 13.3.0-6ubuntu2~24.04) 
... rest of stderr output deleted ...
configure:16975: $? = 0
configure:16964: g++ -V >&5
g++: error: unrecognized command-line option '-V'
g++: fatal error: no input files
compilation terminated.
configure:16975: $? = 1
configure:16964: g++ -qversion >&5
g++: error: unrecognized command-line option '-qversion'; did you mean '--version'?
g++: fatal error: no input files
compilation terminated.
configure:16975: $? = 1
configure:16979: checking whether the compiler supports GNU C++
configure:17009: result: yes
configure:17020: checking whether g++ accepts -g
configure:17085: result: yes
configure:17105: checking for g++ option to enable C++11 features
configure:17138: result: none needed
configure:17204: checking dependency style of g++
configure:17316: result: gcc3
configure:17384: checking for gcc
configure:17416: result: gcc
configure:17769: checking for C compiler version
configure:17778: gcc --version >&5
gcc (Ubuntu 13.3.0-6ubuntu2~24.04) 13.3.0
Copyright (C) 2023 Free Software Foundation, Inc.
This is free software; see the source for copying conditions.  There is NO
warranty; not even for MERCHANTABILITY or FITNESS FOR A PARTICULAR PURPOSE.

configure:17789: $? = 0
configure:17778: gcc -v >&5
Using built-in specs.
COLLECT_GCC=gcc
COLLECT_LTO_WRAPPER=/usr/libexec/gcc/x86_64-linux-gnu/13/lto-wrapper
OFFLOAD_TARGET_NAMES=nvptx-none:amdgcn-amdhsa
OFFLOAD_TARGET_DEFAULT=1
Target: x86_64-linux-gnu
Configured with: ../src/configure -v --with-pkgversion='Ubuntu 13.3.0-6ubuntu2~24.04' --with-bugurl=file:///usr/share/doc/gcc-13/README.Bugs --enable-languages=c,ada,c++,go,d,fortran,objc,obj-c++,m2 --prefix=/usr --with-gcc-major-version-only --program-suffix=-13 --program-prefix=x86_64-linux-gnu- --enable-shared --enable-linker-build-id --libexecdir=/usr/libexec --without-included-gettext --enable-threads=posix --libdir=/usr/lib --enable-nls --enable-bootstrap --enable-clocale=gnu --enable-libstdcxx-debug --enable-libstdcxx-time=yes --with-default-libstdcxx-abi=new --enable-libstdcxx-backtrace --enable-gnu-unique-object --disable-vtable-verify --enable-plugin --enable-default-pie --with-system-zlib --enable-libphobos-checking=release --with-target-system-zlib=auto --enable-objc-gc=auto --enable-multiarch --disable-werror --enable-cet --with-arch-32=i686 --with-abi=m64 --with-multilib-list=m32,m64,mx32 --enable-multilib --with-tune=generic --enable-offload-targets=nvptx-none=/build/gcc-13-fG75Ri/gcc-13-13.3.0/debian/tmp-nvptx/usr,amdgcn-amdhsa=/build/gcc-13-fG75Ri/gcc-13-13.3.0/debian/tmp-gcn/usr --enable-offload-defaulted --without-cuda-driver --enable-checking=release --build=x86_64-linux-gnu --host=x86_64-linux-gnu --target=x86_64-linux-gnu --with-build-config=bootstrap-lto-lean --enable-link-serialization=2
Thread model: posix
Supported LTO compression algorithms: zlib zstd
gcc version 13.3.0 (Ubuntu 13.3.0-6ubuntu2~24.04) 
... rest of stderr output deleted ...
configure:17789: $? = 0
configure:17778: gcc -V >&5
gcc: error: unrecognized command-line option '-V'
gcc: fatal error: no input files
compilation terminated.
configure:17789: $? = 1
configure:17778: gcc -qversion >&5
gcc: error: unrecognized command-line option '-qversion'; did you mean '--version'?
gcc: fatal error: no input files
compilation terminated.
configure:17789: $? = 1
configure:17778: gcc -version >&5
gcc: error: unrecognized command-line option '-version'
gcc: fatal error: no input files
compilation terminated.
configure:17789: $? = 1
configure:17793: checking whether the compiler supports GNU C
configure:17823: result: yes
configure:17834: checking whether gcc accepts -g
configure:17899: result: yes
configure:17919: checking for gcc option to enable C11 features
configure:17952: result: none needed
configure:18068: checking whether gcc understands -c and -o together
configure:18106: result: yes
configure:18125: checking dependency style of gcc
configure:18237: result: gcc3
configure:18343: checking for pkg-config
configure:18366: found /usr/bin/pkg-config
configure:18378: result: /usr/bin/pkg-config
configure:18403: checking pkg-config is at least version 0.9.0
configure:18406: result: yes
configure:18416: checking for libcjson
configure:18423: $PKG_CONFIG --exists --print-errors "libcjson"
Package libcjson was not found in the pkg-config search path.
Perhaps you should add the directory containing `libcjson.pc'
to the PKG_CONFIG_PATH environment variable
Package 'libcjson', required by 'virtual:world', not found
configure:18426: $? = 1
configure:18440: $PKG_CONFIG --exists --print-errors "libcjson"
Package libcjson was not found in the pkg-config search path.
Perhaps you should add the directory containing `libcjson.pc'
to the PKG_CONFIG_PATH environment variable
Package 'libcjson', required by 'virtual:world', not found
configure:18443: $? = 1
configure:18457: result: no
Package 'libcjson', required by 'virtual:world', not found
configure:18473: error: Package requirements (libcjson) were not met:

Package 'libcjson', required by 'virtual:world', not found

Consider adjusting the PKG_CONFIG_PATH environment variable if you
installed software in a non-standard prefix.

Alternatively, you may set the environment variables cjson_CFLAGS
and cjson_LIBS to avoid the need to call pkg-config.
See the pkg-config man page for more details.

## ---------------- ##
## Cache variables. ##
## ---------------- ##

ac_cv_build=x86_64-pc-linux-gnu
ac_cv_c_compiler_gnu=yes
ac_cv_cxx_compiler_gnu=yes
ac_cv_env_CCC_set=
ac_cv_env_CCC_value=
ac_cv_env_CC_set=
ac_cv_env_CC_value=
ac_cv_env_CFLAGS_set=
ac_cv_env_CFLAGS_value=
ac_cv_env_CPPFLAGS_set=
ac_cv_env_CPPFLAGS_value=
ac_cv_env_CXXCPP_set=
ac_cv_env_CXXCPP_value=
ac_cv_env_CXXFLAGS_set=
ac_cv_env_CXXFLAGS_value=
ac_cv_env_CXX_set=
ac_cv_env_CXX_value=
ac_cv_env_LDFLAGS_set=
ac_cv_env_LDFLAGS_value=
ac_cv_env_LIBS_set=
ac_cv_env_LIBS_value=
ac_cv_env_LT_SYS_LIBRARY_PATH_set=
ac_cv_env_LT_SYS_LIBRARY_PATH_value=
ac_cv_env_PKG_CONFIG_LIBDIR_set=
ac_cv_env_PKG_CONFIG_LIBDIR_value=
ac_cv_env_PKG_CONFIG_PATH_set=
ac_cv_env_PKG_CONFIG_PATH_value=
ac_cv_env_PKG_CONFIG_set=
ac_cv_env_PKG_CONFIG_value=
ac_cv_env_build_alias_set=
ac_cv_env_build_alias_value=
ac_cv_env_cjson_CFLAGS_set=
ac_cv_env_cjson_CFLAGS_value=
ac_cv_env_cjson_LIBS_set=
ac_cv_env_cjson_LIBS_value=
ac_cv_env_host_alias_set=
ac_cv_env_host_alias_value=
ac_cv_env_target_alias_set=
ac_cv_env_target_alias_value=
ac_cv_header_dlfcn_h=yes
ac_cv_header_inttypes_h=yes
ac_cv_header_stdint_h=yes
ac_cv_header_stdio_h=yes
ac_cv_header_stdlib_h=yes
ac_cv_header_string_h=yes
ac_cv_header_strings_h=yes
ac_cv_header_sys_stat_h=yes
ac_cv_header_sys_types_h=yes
ac_cv_header_unistd_h=yes
ac_cv_host=x86_64-pc-linux-gnu
ac_cv_objext=o
ac_cv_path_EGREP='/usr/bin/grep -E'
ac_cv_path_FGREP='/usr/bin/grep -F'
ac_cv_path_GREP=/usr/bin/grep
ac_cv_path_SED=/usr/bin/sed
ac_cv_path_ac_pt_PKG_CONFIG=/usr/bin/pkg-config
ac_cv_path_install='/usr/bin/install -c'
ac_cv_path_lt_DD=/usr/bin/dd
ac_cv_path_mkdir=/usr/bin/mkdir
ac_cv_prog_AWK=gawk
ac_cv_prog_CXXCPP='g++ -E'
ac_cv_prog_ac_ct_AR=ar
ac_cv_prog_ac_ct_CC=gcc
ac_cv_prog_ac_ct_CXX=g++
ac_cv_prog_ac_ct_FILECMD=file
ac_cv_prog_ac_ct_MANIFEST_TOOL=mt
ac_cv_prog_ac_ct_OBJDUMP=objdump
ac_cv_prog_ac_ct_RANLIB=ranlib
ac_cv_prog_ac_ct_STRIP=strip
ac_cv_prog_cc_c11=
ac_cv_prog_cc_g=yes
ac_cv_prog_cc_stdc=
ac_cv_prog_cxx_cxx11=
ac_cv_prog_cxx_g=yes
ac_cv_prog_cxx_stdcxx=
ac_cv_prog_make_make_set=yes
am_cv_CC_dependencies_compiler_type=gcc3
am_cv_CXX_dependencies_compiler_type=gcc3
am_cv_make_support_nested_variables=yes
am_cv_prog_cc_c_o=yes
lt_cv_ar_at_file=@
lt_cv_archive_cmds_need_lc=no
lt_cv_deplibs_check_method=pass_all
lt_cv_file_magic_cmd='$MAGIC_CMD'
lt_cv_file_magic_test_file=
lt_cv_ld_reload_flag=-r
lt_cv_nm_interface='BSD nm'
lt_cv_objdir=.libs
lt_cv_path_LD=/usr/bin/ld
lt_cv_path_LDCXX='/usr/bin/ld -m elf_x86_64'
lt_cv_path_NM='/usr/bin/nm -B'
lt_cv_path_mainfest_tool=no
lt_cv_prog_compiler_c_o=yes
lt_cv_prog_compiler_c_o_CXX=yes
lt_cv_prog_compiler_pic='-fPIC -DPIC'
lt_cv_prog_compiler_pic_CXX='-fPIC -DPIC'
lt_cv_prog_compiler_pic_works=yes
lt_cv_prog_compiler_pic_works_CXX=yes
lt_cv_prog_compiler_rtti_exceptions=no
lt_cv_prog_compiler_static_works=yes
lt_cv_prog_compiler_static_works_CXX=yes
lt_cv_prog_gnu_ld=yes
lt_cv_prog_gnu_ldcxx=yes
lt_cv_sharedlib_from_linklib_cmd='printf %s\n'
lt_cv_shlibpath_overrides_runpath=yes
lt_cv_sys_global_symbol_pipe='/usr/bin/sed -n -e '\''s/^.*[	 ]\([ABCDGIRSTW][ABCDGIRSTW]*\)[	 ][	 ]*\([_A-Za-z][_A-Za-z0-9]*\)$/\1 \2 \2/p'\'' | /usr/bin/sed '\''/ __gnu_lto/d'\'''
lt_cv_sys_global_symbol_to_c_name_address='/usr/bin/sed -n -e '\''s/^: \(.*\) .*$/  {"\1", (void *) 0},/p'\'' -e '\''s/^[ABCDGIRSTW][ABCDGIRSTW]* .* \(.*\)$/  {"\1", (void *) \&\1},/p'\'''
lt_cv_sys_global_symbol_to_c_name_address_lib_prefix='/usr/bin/sed -n -e '\''s/^: \(.*\) .*$/  {"\1", (void *) 0},/p'\'' -e '\''s/^[ABCDGIRSTW][ABCDGIRSTW]* .* \(lib.*\)$/  {"\1", (void *) \&\1},/p'\'' -e '\''s/^[ABCDGIRSTW][ABCDGIRSTW]* .* \(.*\)$/  {"lib\1", (void *) \&\1},/p'\'''
lt_cv_sys_global_symbol_to_cdecl='/usr/bin/sed -n -e '\''s/^T .* \(.*\)$/extern int \1();/p'\'' -e '\''s/^[ABCDGIRSTW][ABCDGIRSTW]* .* \(.*\)$/extern char \1;/p'\'''
lt_cv_sys_global_symbol_to_import=
lt_cv_sys_max_cmd_len=3145728
lt_cv_to_host_file_cmd=func_convert_file_noop
lt_cv_to_tool_file_cmd=func_convert_file_noop
lt_cv_truncate_bin='/usr/bin/dd bs=4096 count=1'

## ----------------- ##
## Output variables. ##
## ----------------- ##

ACLOCAL='${SHELL} '\''/home/runner/work/rfc/rfc/missing'\'' aclocal-1.16'
AMDEPBACKSLASH='\'
AMDEP_FALSE='#'
AMDEP_TRUE=''
AMTAR='$${TAR-tar}'
AM_BACKSLASH='\'
AM_DEFAULT_V='$(AM_DEFAULT_VERBOSITY)'
AM_DEFAULT_VERBOSITY='1'
AM_V='$(V)'
AR='ar'
AUTOCONF='${SHELL} '\''/home/runner/work/rfc/rfc/missing'\'' autoconf'
AUTOHEADER='${SHELL} '\''/home/runner/work/rfc/rfc/missing'\'' autoheader'
AUTOMAKE='${SHELL} '\''/home/runner/work/rfc/rfc/missing'\'' automake-1.16'
AWK='gawk'
CC='gcc'
CCDEPMODE='depmode=gcc3'
CFLAGS='-g -O2'
CPPFLAGS=''
CSCOPE='cscope'
CTAGS='ctags'
CXX='g++'
CXXCPP='g++ -E'
CXXDEPMODE='depmode=gcc3'
CXXFLAGS='-g -O2'
CYGPATH_W='echo'
DEFS=''
DEPDIR='.deps'
DLLTOOL='false'
DSYMUTIL=''
DUMPBIN=''
ECHO_C=''
ECHO_N='-n'
ECHO_T=''
EGREP='/usr/bin/grep -E'
ENABLE_RDKBEXTENDER_FALSE=''
ENABLE_RDKBEXTENDER_TRUE=''
ENABLE_RDKB_FALSE=''
ENABLE_RDKB_TRUE=''
ENABLE_RDKC_FALSE=''
ENABLE_RDKC_TRUE=''
ENABLE_RFCTOOL_APP_FALSE=''
ENABLE_RFCTOOL_APP_TRUE=''
ENABLE_TR181SET_APP_FALSE=''
ENABLE_TR181SET_APP_TRUE=''
ETAGS='etags'
EXEEXT=''
FGREP='/usr/bin/grep -F'
FILECMD='file'
GREP='/usr/bin/grep'
GTEST_ENABLE_FLAG=''
IARMBUS_EVENT_FLAG=''
INSTALL_DATA='${INSTALL} -m 644'
INSTALL_PROGRAM='${INSTALL}'
INSTALL_SCRIPT='${INSTALL}'
INSTALL_STRIP_PROGRAM='$(install_sh) -c -s'
IS_IARMBUS_ENABLED_FALSE=''
IS_IARMBUS_ENABLED_TRUE=''
IS_LIBRDKCERTSEL_ENABLED_FALSE=''
IS_LIBRDKCERTSEL_ENABLED_TRUE=''
IS_LIBRDKCONFIG_ENABLED_FALSE=''
IS_LIBRDKCONFIG_ENABLED_TRUE=''
IS_TR69HOSRIF_ENABLED_FALSE=''
IS_TR69HOSRIF_ENABLED_TRUE=''
LD='/usr/bin/ld -m elf_x86_64'
LDFLAGS=''
LIBOBJS=''
LIBRDKCERTSEL_FLAG=''
LIBRDKCONFIG_FLAG=''
LIBS=''
LIBTOOL='$(SHELL) $(top_builddir)/libtool'
LIPO=''
LN_S='ln -s'
LTLIBOBJS=''
LT_SYS_LIBRARY_PATH=''
MAKEINFO='${SHELL} '\''/home/runner/work/rfc/rfc/missing'\'' makeinfo'
MANIFEST_TOOL=':'
MKDIR_P='/usr/bin/mkdir -p'
NM='/usr/bin/nm -B'
NMEDIT=''
OBJDUMP='objdump'
OBJEXT='o'
OTOOL64=''
OTOOL=''
PACKAGE='rfctools'
PACKAGE_BUGREPORT='josekutty@tataelxsi.co.in'
PACKAGE_NAME='rfctools'
PACKAGE_STRING='rfctools 1.0'
PACKAGE_TARNAME='rfctools'
PACKAGE_URL=''
PACKAGE_VERSION='1.0'
PATH_SEPARATOR=':'
PKG_CONFIG='/usr/bin/pkg-config'
PKG_CONFIG_LIBDIR=''
PKG_CONFIG_PATH=''
RANLIB='ranlib'
RDKBEXTENDER_FLAG=''
RDKB_FLAG=''
SED='/usr/bin/sed'
SET_MAKE=''
SHELL='/bin/bash'
STRIP='strip'
TR69HOSTIF_FLAG=''
VERSION='1.0'
WITH_GTEST_SUPPORT_FALSE=''
WITH_GTEST_SUPPORT_TRUE='#'
ac_ct_AR='ar'
ac_ct_CC='gcc'
ac_ct_CXX='g++'
ac_ct_DUMPBIN=''
am__EXEEXT_FALSE=''
am__EXEEXT_TRUE=''
am__fastdepCC_FALSE='#'
am__fastdepCC_TRUE=''
am__fastdepCXX_FALSE='#'
am__fastdepCXX_TRUE=''
am__include='include'
am__isrc=''
am__leading_dot='.'
am__nodep='_no'
am__quote=''
am__tar='$${TAR-tar} chof - "$$tardir"'
am__untar='$${TAR-tar} xf -'
bindir='${exec_prefix}/bin'
build='x86_64-pc-linux-gnu'
build_alias=''
build_cpu='x86_64'
build_os='linux-gnu'
build_vendor='pc'
cjson_CFLAGS=''
cjson_LIBS=''
datadir='${datarootdir}'
datarootdir='${prefix}/share'
docdir='${datarootdir}/doc/${PACKAGE_TARNAME}'
dvidir='${docdir}'
exec_prefix='NONE'
host='x86_64-pc-linux-gnu'
host_alias=''
host_cpu='x86_64'
host_os='linux-gnu'
host_vendor='pc'
htmldir='${docdir}'
includedir='${prefix}/include'
infodir='${datarootdir}/info'
install_sh='${SHELL} /home/runner/work/rfc/rfc/install-sh'
libdir='${exec_prefix}/lib'
libexecdir='${exec_prefix}/libexec'
localedir='${datarootdir}/locale'
localstatedir='${prefix}/var'
mandir='${datarootdir}/man'
mkdir_p='$(MKDIR_P)'
oldincludedir='/usr/include'
pdfdir='${docdir}'
prefix='NONE'
program_transform_name='s,x,x,'
psdir='${docdir}'
runstatedir='${localstatedir}/run'
sbindir='${exec_prefix}/sbin'
sharedstatedir='${prefix}/com'
sysconfdir='${prefix}/etc'
target_alias=''

## ----------- ##
## confdefs.h. ##
## ----------- ##

/* confdefs.h */
#define PACKAGE_NAME "rfctools"
#define PACKAGE_TARNAME "rfctools"
#define PACKAGE_VERSION "1.0"
#define PACKAGE_STRING "rfctools 1.0"
#define PACKAGE_BUGREPORT "josekutty@tataelxsi.co.in"
#define PACKAGE_URL ""
#define PACKAGE "rfctools"
#define VERSION "1.0"
#define HAVE_STDIO_H 1
#define HAVE_STDLIB_H 1
#define HAVE_STRING_H 1
#define HAVE_INTTYPES_H 1
#define HAVE_STDINT_H 1
#define HAVE_STRINGS_H 1
#define HAVE_SYS_STAT_H 1
#define HAVE_SYS_TYPES_H 1
#define HAVE_UNISTD_H 1
#define STDC_HEADERS 1
#define HAVE_DLFCN_H 1
#define LT_OBJDIR ".libs/"

configure: exit 1
